<?xml version="1.0" encoding="UTF-8"?>
<!-- Generated by org.testng.reporters.JUnitReportReporter -->
<testsuite name="testcases.UAT_BavarianInnBrokenLinks" tests="13" time="36.266" ignored="0" failures="0" timestamp="23 Jul 2019 09:09:44 GMT" skipped="0" hostname="DESKTOP-G1T6KU3" errors="0">
  <testcase name="AfterLogoutFAQ" time="2.022" classname="testcases.UAT_BavarianInnBrokenLinks"/>
  <testcase name="logOutOfSite" time="0.681" classname="testcases.UAT_BavarianInnBrokenLinks"/>
  <testcase name="AfterLogoutRegister" time="0.567" classname="testcases.UAT_BavarianInnBrokenLinks"/>
  <testcase name="membersSocial" time="5.248" classname="testcases.UAT_BavarianInnBrokenLinks"/>
  <testcase name="profileCheckBalance" time="4.518" classname="testcases.UAT_BavarianInnBrokenLinks"/>
  <testcase name="uploadReciept" time="1.912" classname="testcases.UAT_BavarianInnBrokenLinks"/>
  <testcase name="membersLocations" time="3.348" classname="testcases.UAT_BavarianInnBrokenLinks"/>
  <testcase name="profileMyTransactions" time="2.444" classname="testcases.UAT_BavarianInnBrokenLinks"/>
  <testcase name="profileDisplayed" time="1.810" classname="testcases.UAT_BavarianInnBrokenLinks"/>
  <testcase name="WelcomeMessage" time="4.032" classname="testcases.UAT_BavarianInnBrokenLinks"/>
  <testcase name="AfterLogoutHome" time="1.577" classname="testcases.UAT_BavarianInnBrokenLinks"/>
  <testcase name="loginToSite" time="2.880" classname="testcases.UAT_BavarianInnBrokenLinks"/>
  <testcase name="membersOffers" time="5.227" classname="testcases.UAT_BavarianInnBrokenLinks"/>
</testsuite> <!-- testcases.UAT_BavarianInnBrokenLinks -->
