<?xml version="1.0" encoding="UTF-8"?>
<!-- Generated by org.testng.reporters.JUnitReportReporter -->
<testsuite name="testcases.UAT_RegisterPageTestCanada" tests="3" time="7.983" ignored="0" failures="0" timestamp="22 Jul 2019 21:22:13 GMT" skipped="0" hostname="DESKTOP-G1T6KU3" errors="0">
  <testcase name="loginToSite" time="0.020" classname="testcases.UAT_RegisterPageTestCanada"/>
  <testcase name="enterForm" time="7.426" classname="testcases.UAT_RegisterPageTestCanada"/>
  <testcase name="enterDetails" time="0.537" classname="testcases.UAT_RegisterPageTestCanada"/>
</testsuite> <!-- testcases.UAT_RegisterPageTestCanada -->
