<?xml version="1.0" encoding="UTF-8"?>
<!-- Generated by org.testng.reporters.JUnitReportReporter -->
<testsuite name="testcases.UAT_BavarianInnBrokenLinks" tests="7" time="73.035" ignored="0" failures="0" timestamp="22 Jul 2019 15:17:25 GMT" skipped="0" hostname="DESKTOP-1UNN7PP" errors="0">
  <testcase name="profileDisplayed" time="4.381" classname="testcases.UAT_BavarianInnBrokenLinks"/>
  <testcase name="membersOffers" time="20.624" classname="testcases.UAT_BavarianInnBrokenLinks"/>
  <testcase name="membersLocations" time="21.688" classname="testcases.UAT_BavarianInnBrokenLinks"/>
  <testcase name="loginToSite" time="7.012" classname="testcases.UAT_BavarianInnBrokenLinks"/>
  <testcase name="membersSocial" time="7.054" classname="testcases.UAT_BavarianInnBrokenLinks"/>
  <testcase name="uploadReciept" time="4.807" classname="testcases.UAT_BavarianInnBrokenLinks"/>
  <testcase name="WelcomeMessage" time="7.469" classname="testcases.UAT_BavarianInnBrokenLinks"/>
</testsuite> <!-- testcases.UAT_BavarianInnBrokenLinks -->
