<?xml version="1.0" encoding="UTF-8"?>
<!-- Generated by org.testng.reporters.JUnitReportReporter -->
<testsuite name="snipp.test.bav.testcases.UAT_ExcelDataProviderFull_POM" tests="3" time="20.561" ignored="0" failures="0" timestamp="18 Jul 2019 14:07:25 GMT" skipped="0" hostname="DESKTOP-1UNN7PP" errors="0">
  <testcase name="enterDetails" time="12.219" classname="snipp.test.bav.testcases.UAT_ExcelDataProviderFull_POM"/>
  <testcase name="test1" time="8.324" classname="snipp.test.bav.testcases.UAT_ExcelDataProviderFull_POM"/>
  <testcase name="loginToSite" time="0.018" classname="snipp.test.bav.testcases.UAT_ExcelDataProviderFull_POM"/>
</testsuite> <!-- snipp.test.bav.testcases.UAT_ExcelDataProviderFull_POM -->
