<?xml version="1.0" encoding="UTF-8"?>
<!-- Generated by org.testng.reporters.JUnitReportReporter -->
<testsuite name="demo.TestNG_Demoa" tests="1" time="6.187" ignored="0" failures="0" timestamp="19 Jul 2019 10:17:08 GMT" skipped="0" hostname="DESKTOP-1UNN7PP" errors="0">
  <testcase name="googleSearch" time="6.187" classname="demo.TestNG_Demoa"/>
</testsuite> <!-- demo.TestNG_Demoa -->
