<?xml version="1.0" encoding="UTF-8"?>
<!-- Generated by org.testng.reporters.JUnitReportReporter -->
<testsuite name="snipp.test.bav.testcases.UAT_BavarianInnLoginCheckScreens" tests="8" time="12.692" ignored="0" failures="0" timestamp="17 Jul 2019 14:57:16 GMT" skipped="0" hostname="DESKTOP-G1T6KU3" errors="0">
  <testcase name="logOutOfSite" time="0.541" classname="snipp.test.bav.testcases.UAT_BavarianInnLoginCheckScreens"/>
  <testcase name="WelcomeMessage" time="0.334" classname="snipp.test.bav.testcases.UAT_BavarianInnLoginCheckScreens"/>
  <testcase name="loginToSite" time="0.066" classname="snipp.test.bav.testcases.UAT_BavarianInnLoginCheckScreens"/>
  <testcase name="membersOffers" time="2.680" classname="snipp.test.bav.testcases.UAT_BavarianInnLoginCheckScreens"/>
  <testcase name="enterDetails" time="2.703" classname="snipp.test.bav.testcases.UAT_BavarianInnLoginCheckScreens"/>
  <testcase name="membersSocial" time="1.328" classname="snipp.test.bav.testcases.UAT_BavarianInnLoginCheckScreens"/>
  <testcase name="loginTitleTest" time="3.072" classname="snipp.test.bav.testcases.UAT_BavarianInnLoginCheckScreens"/>
  <testcase name="membersLocations" time="1.968" classname="snipp.test.bav.testcases.UAT_BavarianInnLoginCheckScreens"/>
</testsuite> <!-- snipp.test.bav.testcases.UAT_BavarianInnLoginCheckScreens -->
