<?xml version="1.0" encoding="UTF-8"?>
<!-- Generated by org.testng.reporters.JUnitReportReporter -->
<testsuite name="testcases.UAT_ExcelDataProviderFull_POM" tests="3" time="9.569" ignored="0" failures="0" timestamp="22 Jul 2019 10:31:28 GMT" skipped="0" hostname="DESKTOP-1UNN7PP" errors="0">
  <testcase name="loginToSite" time="0.025" classname="testcases.UAT_ExcelDataProviderFull_POM"/>
  <testcase name="enterDetails" time="1.174" classname="testcases.UAT_ExcelDataProviderFull_POM"/>
  <testcase name="test1" time="8.370" classname="testcases.UAT_ExcelDataProviderFull_POM"/>
</testsuite> <!-- testcases.UAT_ExcelDataProviderFull_POM -->
