<?xml version="1.0" encoding="UTF-8"?>
<!-- Generated by org.testng.reporters.JUnitReportReporter -->
<testsuite name="sandpit.XX_OLD_UATBavarianInnCreateUser" tests="3" time="6.886" ignored="0" failures="0" timestamp="17 Jul 2019 15:55:43 GMT" skipped="0" hostname="DESKTOP-G1T6KU3" errors="0">
  <testcase name="enterForm" time="5.989" classname="sandpit.XX_OLD_UATBavarianInnCreateUser"/>
  <testcase name="loginToSite" time="0.087" classname="sandpit.XX_OLD_UATBavarianInnCreateUser"/>
  <testcase name="enterDetails" time="0.810" classname="sandpit.XX_OLD_UATBavarianInnCreateUser"/>
</testsuite> <!-- sandpit.XX_OLD_UATBavarianInnCreateUser -->
