<?xml version="1.0" encoding="UTF-8"?>
<!-- Generated by org.testng.reporters.JUnitReportReporter -->
<testsuite name="snipp.test.bav.testcases.UAT_HomePageTest" tests="8" time="79.662" ignored="0" failures="0" timestamp="18 Jul 2019 15:53:11 GMT" skipped="0" hostname="DESKTOP-1UNN7PP" errors="0">
  <testcase name="checkTwitter" time="11.169" classname="snipp.test.bav.testcases.UAT_HomePageTest"/>
  <testcase name="howItWorks" time="2.601" classname="snipp.test.bav.testcases.UAT_HomePageTest"/>
  <testcase name="faq" time="3.513" classname="snipp.test.bav.testcases.UAT_HomePageTest"/>
  <testcase name="checkYoutube" time="7.184" classname="snipp.test.bav.testcases.UAT_HomePageTest"/>
  <testcase name="register" time="4.591" classname="snipp.test.bav.testcases.UAT_HomePageTest"/>
  <testcase name="loginToSite" time="0.036" classname="snipp.test.bav.testcases.UAT_HomePageTest"/>
  <testcase name="checkYelp" time="34.116" classname="snipp.test.bav.testcases.UAT_HomePageTest"/>
  <testcase name="checkFacebook" time="16.452" classname="snipp.test.bav.testcases.UAT_HomePageTest"/>
</testsuite> <!-- snipp.test.bav.testcases.UAT_HomePageTest -->
