<?xml version="1.0" encoding="UTF-8"?>
<!-- Generated by org.testng.reporters.JUnitReportReporter -->
<testsuite name="demo.TestNG_Demoa2" tests="1" time="5.709" ignored="0" failures="0" timestamp="19 Jul 2019 10:17:28 GMT" skipped="0" hostname="DESKTOP-1UNN7PP" errors="0">
  <testcase name="googleSearch" time="5.709" classname="demo.TestNG_Demoa2"/>
</testsuite> <!-- demo.TestNG_Demoa2 -->
