<?xml version="1.0" encoding="UTF-8"?>
<!-- Generated by org.testng.reporters.JUnitReportReporter -->
<testsuite name="testcases.UAT_BavarianInnLoginCheckScreens" tests="8" time="36.844" ignored="0" failures="0" timestamp="22 Jul 2019 10:29:52 GMT" skipped="0" hostname="DESKTOP-1UNN7PP" errors="0">
  <testcase name="WelcomeMessage" time="0.103" classname="testcases.UAT_BavarianInnLoginCheckScreens"/>
  <testcase name="membersLocations" time="9.637" classname="testcases.UAT_BavarianInnLoginCheckScreens"/>
  <testcase name="membersSocial" time="2.762" classname="testcases.UAT_BavarianInnLoginCheckScreens"/>
  <testcase name="loginTitleTest" time="3.300" classname="testcases.UAT_BavarianInnLoginCheckScreens"/>
  <testcase name="membersOffers" time="15.957" classname="testcases.UAT_BavarianInnLoginCheckScreens"/>
  <testcase name="logOutOfSite" time="1.165" classname="testcases.UAT_BavarianInnLoginCheckScreens"/>
  <testcase name="loginToSite" time="0.746" classname="testcases.UAT_BavarianInnLoginCheckScreens"/>
  <testcase name="enterDetails" time="3.174" classname="testcases.UAT_BavarianInnLoginCheckScreens"/>
</testsuite> <!-- testcases.UAT_BavarianInnLoginCheckScreens -->
