<?xml version="1.0" encoding="UTF-8"?>
<!-- Generated by org.testng.reporters.JUnitReportReporter -->
<testsuite name="testcases.UAT_BavarianInnBrokenLinks" tests="13" time="37.024" ignored="0" failures="0" timestamp="23 Jul 2019 10:10:40 GMT" skipped="0" hostname="DESKTOP-G1T6KU3" errors="0">
  <testcase name="profileCheckBalance" time="6.005" classname="testcases.UAT_BavarianInnBrokenLinks"/>
  <testcase name="profileMyTransactions" time="2.785" classname="testcases.UAT_BavarianInnBrokenLinks"/>
  <testcase name="AfterLogoutFAQ" time="2.871" classname="testcases.UAT_BavarianInnBrokenLinks"/>
  <testcase name="profileDisplayed" time="2.635" classname="testcases.UAT_BavarianInnBrokenLinks"/>
  <testcase name="logOutOfSite" time="0.555" classname="testcases.UAT_BavarianInnBrokenLinks"/>
  <testcase name="AfterLogoutHome" time="1.417" classname="testcases.UAT_BavarianInnBrokenLinks"/>
  <testcase name="uploadReciept" time="1.820" classname="testcases.UAT_BavarianInnBrokenLinks"/>
  <testcase name="membersLocations" time="3.008" classname="testcases.UAT_BavarianInnBrokenLinks"/>
  <testcase name="AfterLogoutRegister" time="0.634" classname="testcases.UAT_BavarianInnBrokenLinks"/>
  <testcase name="membersOffers" time="4.988" classname="testcases.UAT_BavarianInnBrokenLinks"/>
  <testcase name="WelcomeMessage" time="3.954" classname="testcases.UAT_BavarianInnBrokenLinks"/>
  <testcase name="membersSocial" time="3.437" classname="testcases.UAT_BavarianInnBrokenLinks"/>
  <testcase name="loginToSite" time="2.915" classname="testcases.UAT_BavarianInnBrokenLinks"/>
</testsuite> <!-- testcases.UAT_BavarianInnBrokenLinks -->
