<?xml version="1.0" encoding="UTF-8"?>
<!-- Generated by org.testng.reporters.JUnitReportReporter -->
<testsuite name="snipp.test.bav.testcases.UAT_BavarianInnLoginCheckScreens" tests="8" time="49.445" ignored="0" failures="0" timestamp="18 Jul 2019 09:44:26 GMT" skipped="0" hostname="DESKTOP-1UNN7PP" errors="0">
  <testcase name="logOutOfSite" time="1.271" classname="snipp.test.bav.testcases.UAT_BavarianInnLoginCheckScreens"/>
  <testcase name="WelcomeMessage" time="0.780" classname="snipp.test.bav.testcases.UAT_BavarianInnLoginCheckScreens"/>
  <testcase name="loginToSite" time="0.094" classname="snipp.test.bav.testcases.UAT_BavarianInnLoginCheckScreens"/>
  <testcase name="membersOffers" time="15.187" classname="snipp.test.bav.testcases.UAT_BavarianInnLoginCheckScreens"/>
  <testcase name="enterDetails" time="3.045" classname="snipp.test.bav.testcases.UAT_BavarianInnLoginCheckScreens"/>
  <testcase name="membersSocial" time="2.645" classname="snipp.test.bav.testcases.UAT_BavarianInnLoginCheckScreens"/>
  <testcase name="loginTitleTest" time="6.206" classname="snipp.test.bav.testcases.UAT_BavarianInnLoginCheckScreens"/>
  <testcase name="membersLocations" time="20.217" classname="snipp.test.bav.testcases.UAT_BavarianInnLoginCheckScreens"/>
</testsuite> <!-- snipp.test.bav.testcases.UAT_BavarianInnLoginCheckScreens -->
