<?xml version="1.0" encoding="UTF-8"?>
<!-- Generated by org.testng.reporters.JUnitReportReporter -->
<testsuite name="testcases.UAT_BavarianInnBrokenLinks" tests="13" time="33.428" ignored="0" failures="0" timestamp="23 Jul 2019 09:24:14 GMT" skipped="0" hostname="DESKTOP-G1T6KU3" errors="0">
  <testcase name="profileMyTransactions" time="2.194" classname="testcases.UAT_BavarianInnBrokenLinks"/>
  <testcase name="membersSocial" time="3.581" classname="testcases.UAT_BavarianInnBrokenLinks"/>
  <testcase name="logOutOfSite" time="0.446" classname="testcases.UAT_BavarianInnBrokenLinks"/>
  <testcase name="profileDisplayed" time="1.765" classname="testcases.UAT_BavarianInnBrokenLinks"/>
  <testcase name="membersLocations" time="4.042" classname="testcases.UAT_BavarianInnBrokenLinks"/>
  <testcase name="AfterLogoutHome" time="1.120" classname="testcases.UAT_BavarianInnBrokenLinks"/>
  <testcase name="AfterLogoutRegister" time="0.666" classname="testcases.UAT_BavarianInnBrokenLinks"/>
  <testcase name="AfterLogoutFAQ" time="2.085" classname="testcases.UAT_BavarianInnBrokenLinks"/>
  <testcase name="uploadReciept" time="1.699" classname="testcases.UAT_BavarianInnBrokenLinks"/>
  <testcase name="membersOffers" time="5.069" classname="testcases.UAT_BavarianInnBrokenLinks"/>
  <testcase name="WelcomeMessage" time="4.160" classname="testcases.UAT_BavarianInnBrokenLinks"/>
  <testcase name="loginToSite" time="3.098" classname="testcases.UAT_BavarianInnBrokenLinks"/>
  <testcase name="profileCheckBalance" time="3.503" classname="testcases.UAT_BavarianInnBrokenLinks"/>
</testsuite> <!-- testcases.UAT_BavarianInnBrokenLinks -->
