<?xml version="1.0" encoding="UTF-8"?>
<!-- Generated by org.testng.reporters.JUnitReportReporter -->
<testsuite name="testcases.UAT_BavarianInnLoginUploadReciepts" tests="10" time="20.539" ignored="0" failures="0" timestamp="23 Jul 2019 20:24:31 GMT" skipped="0" hostname="DESKTOP-G1T6KU3" errors="0">
  <testcase name="loginTitleTest" time="3.008" classname="testcases.UAT_BavarianInnLoginUploadReciepts"/>
  <testcase name="logOutOfSite" time="0.489" classname="testcases.UAT_BavarianInnLoginUploadReciepts"/>
  <testcase name="uploadButtonSelection" time="2.291" classname="testcases.UAT_BavarianInnLoginUploadReciepts"/>
  <testcase name="verifyUploadWorked" time="10.453" classname="testcases.UAT_BavarianInnLoginUploadReciepts"/>
  <testcase name="verifyUploadQUEUEDStatus" time="0.041" classname="testcases.UAT_BavarianInnLoginUploadReciepts"/>
  <testcase name="viewReciept" time="1.044" classname="testcases.UAT_BavarianInnLoginUploadReciepts"/>
  <testcase name="loginToSite" time="0.022" classname="testcases.UAT_BavarianInnLoginUploadReciepts"/>
  <testcase name="uploadReciept" time="2.505" classname="testcases.UAT_BavarianInnLoginUploadReciepts"/>
  <testcase name="WelcomeMessage" time="0.030" classname="testcases.UAT_BavarianInnLoginUploadReciepts"/>
  <testcase name="enterDetails" time="0.656" classname="testcases.UAT_BavarianInnLoginUploadReciepts"/>
</testsuite> <!-- testcases.UAT_BavarianInnLoginUploadReciepts -->
