<?xml version="1.0" encoding="UTF-8"?>
<!-- Generated by org.testng.reporters.JUnitReportReporter -->
<testsuite name="testcases.UAT_BavarianInnLoginCheckScreens" tests="8" time="13.442" ignored="0" failures="0" timestamp="23 Jul 2019 07:27:30 GMT" skipped="0" hostname="DESKTOP-G1T6KU3" errors="0">
  <testcase name="WelcomeMessage" time="0.063" classname="testcases.UAT_BavarianInnLoginCheckScreens"/>
  <testcase name="membersLocations" time="3.063" classname="testcases.UAT_BavarianInnLoginCheckScreens"/>
  <testcase name="membersSocial" time="1.209" classname="testcases.UAT_BavarianInnLoginCheckScreens"/>
  <testcase name="loginTitleTest" time="3.095" classname="testcases.UAT_BavarianInnLoginCheckScreens"/>
  <testcase name="membersOffers" time="2.469" classname="testcases.UAT_BavarianInnLoginCheckScreens"/>
  <testcase name="logOutOfSite" time="0.517" classname="testcases.UAT_BavarianInnLoginCheckScreens"/>
  <testcase name="loginToSite" time="0.372" classname="testcases.UAT_BavarianInnLoginCheckScreens"/>
  <testcase name="enterDetails" time="2.654" classname="testcases.UAT_BavarianInnLoginCheckScreens"/>
</testsuite> <!-- testcases.UAT_BavarianInnLoginCheckScreens -->
