<?xml version="1.0" encoding="UTF-8"?>
<!-- Generated by org.testng.reporters.JUnitReportReporter -->
<testsuite name="snipp.test.bav.testcases.IEdesiredCapabilities" tests="1" time="3.013" ignored="0" failures="0" timestamp="17 Jul 2019 09:47:19 GMT" skipped="0" hostname="DESKTOP-G1T6KU3" errors="0">
  <testcase name="titleTest" time="3.013" classname="snipp.test.bav.testcases.IEdesiredCapabilities"/>
</testsuite> <!-- snipp.test.bav.testcases.IEdesiredCapabilities -->
