<?xml version="1.0" encoding="UTF-8"?>
<!-- Generated by org.testng.reporters.JUnitReportReporter -->
<testsuite name="testcases.UAT_BavarianInnLoginCheckScreens" tests="8" time="12.617" ignored="0" failures="0" timestamp="23 Jul 2019 08:25:44 GMT" skipped="0" hostname="DESKTOP-G1T6KU3" errors="0">
  <testcase name="membersLocations" time="2.080" classname="testcases.UAT_BavarianInnLoginCheckScreens"/>
  <testcase name="membersSocial" time="1.319" classname="testcases.UAT_BavarianInnLoginCheckScreens"/>
  <testcase name="loginTitleTest" time="3.079" classname="testcases.UAT_BavarianInnLoginCheckScreens"/>
  <testcase name="logOutOfSite" time="0.467" classname="testcases.UAT_BavarianInnLoginCheckScreens"/>
  <testcase name="loginToSite" time="0.082" classname="testcases.UAT_BavarianInnLoginCheckScreens"/>
  <testcase name="membersOffers" time="2.524" classname="testcases.UAT_BavarianInnLoginCheckScreens"/>
  <testcase name="WelcomeMessage" time="0.395" classname="testcases.UAT_BavarianInnLoginCheckScreens"/>
  <testcase name="enterDetails" time="2.671" classname="testcases.UAT_BavarianInnLoginCheckScreens"/>
</testsuite> <!-- testcases.UAT_BavarianInnLoginCheckScreens -->
