<?xml version="1.0" encoding="UTF-8"?>
<!-- Generated by org.testng.reporters.JUnitReportReporter -->
<testsuite name="snipp.test.bav.testcases.UAT_HomePageTest" tests="8" time="35.889" ignored="0" failures="0" timestamp="18 Jul 2019 11:19:38 GMT" skipped="0" hostname="DESKTOP-1UNN7PP" errors="0">
  <testcase name="loginToSite" time="0.092" classname="snipp.test.bav.testcases.UAT_HomePageTest"/>
  <testcase name="checkFacebook" time="7.972" classname="snipp.test.bav.testcases.UAT_HomePageTest"/>
  <testcase name="howItWorks" time="1.250" classname="snipp.test.bav.testcases.UAT_HomePageTest"/>
  <testcase name="register" time="1.637" classname="snipp.test.bav.testcases.UAT_HomePageTest"/>
  <testcase name="checkYelp" time="13.325" classname="snipp.test.bav.testcases.UAT_HomePageTest"/>
  <testcase name="checkYoutube" time="5.749" classname="snipp.test.bav.testcases.UAT_HomePageTest"/>
  <testcase name="checkTwitter" time="4.702" classname="snipp.test.bav.testcases.UAT_HomePageTest"/>
  <testcase name="faq" time="1.162" classname="snipp.test.bav.testcases.UAT_HomePageTest"/>
</testsuite> <!-- snipp.test.bav.testcases.UAT_HomePageTest -->
