<?xml version="1.0" encoding="UTF-8"?>
<!-- Generated by org.testng.reporters.JUnitReportReporter -->
<testsuite name="testcases.UAT_BavarianInnBrokenLinks" tests="13" time="44.390" ignored="0" failures="0" timestamp="23 Jul 2019 20:23:21 GMT" skipped="0" hostname="DESKTOP-G1T6KU3" errors="0">
  <testcase name="membersLocations" time="3.176" classname="testcases.UAT_BavarianInnBrokenLinks"/>
  <testcase name="logOutOfSite" time="0.519" classname="testcases.UAT_BavarianInnBrokenLinks"/>
  <testcase name="membersOffers" time="5.472" classname="testcases.UAT_BavarianInnBrokenLinks"/>
  <testcase name="AfterLogoutHome" time="1.304" classname="testcases.UAT_BavarianInnBrokenLinks"/>
  <testcase name="AfterLogoutRegister" time="0.840" classname="testcases.UAT_BavarianInnBrokenLinks"/>
  <testcase name="profileDisplayed" time="4.399" classname="testcases.UAT_BavarianInnBrokenLinks"/>
  <testcase name="uploadReciept" time="5.360" classname="testcases.UAT_BavarianInnBrokenLinks"/>
  <testcase name="AfterLogoutFAQ" time="1.987" classname="testcases.UAT_BavarianInnBrokenLinks"/>
  <testcase name="profileCheckBalance" time="4.993" classname="testcases.UAT_BavarianInnBrokenLinks"/>
  <testcase name="WelcomeMessage" time="4.308" classname="testcases.UAT_BavarianInnBrokenLinks"/>
  <testcase name="membersSocial" time="4.326" classname="testcases.UAT_BavarianInnBrokenLinks"/>
  <testcase name="profileMyTransactions" time="3.138" classname="testcases.UAT_BavarianInnBrokenLinks"/>
  <testcase name="loginToSite" time="4.568" classname="testcases.UAT_BavarianInnBrokenLinks"/>
</testsuite> <!-- testcases.UAT_BavarianInnBrokenLinks -->
