<?xml version="1.0" encoding="UTF-8"?>
<!-- Generated by org.testng.reporters.JUnitReportReporter -->
<testsuite name="snipp.test.bav.testcases.UAT_HomePageTest" tests="8" time="35.332" ignored="0" failures="0" timestamp="18 Jul 2019 10:35:33 GMT" skipped="0" hostname="DESKTOP-1UNN7PP" errors="0">
  <testcase name="checkTwitter" time="5.044" classname="snipp.test.bav.testcases.UAT_HomePageTest"/>
  <testcase name="checkFacebook" time="6.770" classname="snipp.test.bav.testcases.UAT_HomePageTest"/>
  <testcase name="register" time="1.311" classname="snipp.test.bav.testcases.UAT_HomePageTest"/>
  <testcase name="faq" time="1.333" classname="snipp.test.bav.testcases.UAT_HomePageTest"/>
  <testcase name="loginToSite" time="0.022" classname="snipp.test.bav.testcases.UAT_HomePageTest"/>
  <testcase name="checkYoutube" time="5.771" classname="snipp.test.bav.testcases.UAT_HomePageTest"/>
  <testcase name="howItWorks" time="1.283" classname="snipp.test.bav.testcases.UAT_HomePageTest"/>
  <testcase name="checkYelp" time="13.798" classname="snipp.test.bav.testcases.UAT_HomePageTest"/>
</testsuite> <!-- snipp.test.bav.testcases.UAT_HomePageTest -->
