<?xml version="1.0" encoding="UTF-8"?>
<!-- Generated by org.testng.reporters.JUnitReportReporter -->
<testsuite name="snipp.test.bav.testcases.UAT_HomePageTest" tests="8" time="33.661" ignored="0" failures="0" timestamp="18 Jul 2019 09:50:00 GMT" skipped="0" hostname="DESKTOP-1UNN7PP" errors="0">
  <testcase name="checkFacebook" time="8.504" classname="snipp.test.bav.testcases.UAT_HomePageTest"/>
  <testcase name="loginToSite" time="0.027" classname="snipp.test.bav.testcases.UAT_HomePageTest"/>
  <testcase name="register" time="1.499" classname="snipp.test.bav.testcases.UAT_HomePageTest"/>
  <testcase name="checkYoutube" time="5.701" classname="snipp.test.bav.testcases.UAT_HomePageTest"/>
  <testcase name="checkYelp" time="7.710" classname="snipp.test.bav.testcases.UAT_HomePageTest"/>
  <testcase name="howItWorks" time="1.357" classname="snipp.test.bav.testcases.UAT_HomePageTest"/>
  <testcase name="checkTwitter" time="6.923" classname="snipp.test.bav.testcases.UAT_HomePageTest"/>
  <testcase name="faq" time="1.940" classname="snipp.test.bav.testcases.UAT_HomePageTest"/>
</testsuite> <!-- snipp.test.bav.testcases.UAT_HomePageTest -->
