<?xml version="1.0" encoding="UTF-8"?>
<!-- Generated by org.testng.reporters.JUnitReportReporter -->
<testsuite name="snipp.test.bavarianinn.uat.UAT_BavarianInnBrokenLinks" tests="7" time="27.810" ignored="0" failures="0" timestamp="17 Jul 2019 07:03:15 GMT" skipped="0" hostname="DESKTOP-G1T6KU3" errors="0">
  <testcase name="membersSocial" time="3.928" classname="snipp.test.bavarianinn.uat.UAT_BavarianInnBrokenLinks"/>
  <testcase name="WelcomeMessage" time="2.470" classname="snipp.test.bavarianinn.uat.UAT_BavarianInnBrokenLinks"/>
  <testcase name="titleTest" time="5.711" classname="snipp.test.bavarianinn.uat.UAT_BavarianInnBrokenLinks"/>
  <testcase name="logOutOfSite" time="3.543" classname="snipp.test.bavarianinn.uat.UAT_BavarianInnBrokenLinks"/>
  <testcase name="membersOffers" time="5.269" classname="snipp.test.bavarianinn.uat.UAT_BavarianInnBrokenLinks"/>
  <testcase name="membersLocations" time="4.492" classname="snipp.test.bavarianinn.uat.UAT_BavarianInnBrokenLinks"/>
  <testcase name="loginToSite" time="2.397" classname="snipp.test.bavarianinn.uat.UAT_BavarianInnBrokenLinks"/>
</testsuite> <!-- snipp.test.bavarianinn.uat.UAT_BavarianInnBrokenLinks -->
