<?xml version="1.0" encoding="UTF-8"?>
<!-- Generated by org.testng.reporters.JUnitReportReporter -->
<testsuite name="testcases.UAT_BavarianInnBrokenLinks" tests="9" time="26.899" ignored="0" failures="0" timestamp="22 Jul 2019 19:18:38 GMT" skipped="0" hostname="DESKTOP-G1T6KU3" errors="0">
  <testcase name="membersLocations" time="3.381" classname="testcases.UAT_BavarianInnBrokenLinks"/>
  <testcase name="profileMyTransactions" time="2.083" classname="testcases.UAT_BavarianInnBrokenLinks"/>
  <testcase name="uploadReciept" time="1.711" classname="testcases.UAT_BavarianInnBrokenLinks"/>
  <testcase name="profileDisplayed" time="1.693" classname="testcases.UAT_BavarianInnBrokenLinks"/>
  <testcase name="profileCheckBalance" time="3.896" classname="testcases.UAT_BavarianInnBrokenLinks"/>
  <testcase name="membersSocial" time="2.637" classname="testcases.UAT_BavarianInnBrokenLinks"/>
  <testcase name="WelcomeMessage" time="4.162" classname="testcases.UAT_BavarianInnBrokenLinks"/>
  <testcase name="membersOffers" time="4.540" classname="testcases.UAT_BavarianInnBrokenLinks"/>
  <testcase name="loginToSite" time="2.796" classname="testcases.UAT_BavarianInnBrokenLinks"/>
</testsuite> <!-- testcases.UAT_BavarianInnBrokenLinks -->
