<?xml version="1.0" encoding="UTF-8"?>
<!-- Generated by org.testng.reporters.JUnitReportReporter -->
<testsuite name="snipp.test.bav.testcases.UAT_BavarianInnBrokenLinks" tests="7" time="23.433" ignored="0" failures="0" timestamp="17 Jul 2019 15:00:33 GMT" skipped="0" hostname="DESKTOP-G1T6KU3" errors="0">
  <testcase name="membersSocial" time="2.600" classname="snipp.test.bav.testcases.UAT_BavarianInnBrokenLinks"/>
  <testcase name="membersOffers" time="4.888" classname="snipp.test.bav.testcases.UAT_BavarianInnBrokenLinks"/>
  <testcase name="loginToSite" time="1.753" classname="snipp.test.bav.testcases.UAT_BavarianInnBrokenLinks"/>
  <testcase name="WelcomeMessage" time="1.895" classname="snipp.test.bav.testcases.UAT_BavarianInnBrokenLinks"/>
  <testcase name="titleTest" time="5.563" classname="snipp.test.bav.testcases.UAT_BavarianInnBrokenLinks"/>
  <testcase name="membersLocations" time="3.201" classname="snipp.test.bav.testcases.UAT_BavarianInnBrokenLinks"/>
  <testcase name="logOutOfSite" time="3.533" classname="snipp.test.bav.testcases.UAT_BavarianInnBrokenLinks"/>
</testsuite> <!-- snipp.test.bav.testcases.UAT_BavarianInnBrokenLinks -->
