<?xml version="1.0" encoding="UTF-8"?>
<!-- Generated by org.testng.reporters.JUnitReportReporter -->
<testsuite name="demo.TestNG_Demoa" tests="1" time="6.291" ignored="0" failures="0" timestamp="17 Jul 2019 15:29:46 GMT" skipped="0" hostname="DESKTOP-G1T6KU3" errors="0">
  <testcase name="googleSearch" time="6.291" classname="demo.TestNG_Demoa"/>
</testsuite> <!-- demo.TestNG_Demoa -->
