<?xml version="1.0" encoding="UTF-8"?>
<!-- Generated by org.testng.reporters.JUnitReportReporter -->
<testsuite name="testcases.UAT_BavarianInnLoginUploadReciepts" tests="10" time="20.263" ignored="0" failures="0" timestamp="22 Jul 2019 21:08:45 GMT" skipped="0" hostname="DESKTOP-G1T6KU3" errors="0">
  <testcase name="loginTitleTest" time="3.018" classname="testcases.UAT_BavarianInnLoginUploadReciepts"/>
  <testcase name="logOutOfSite" time="0.392" classname="testcases.UAT_BavarianInnLoginUploadReciepts"/>
  <testcase name="uploadButtonSelection" time="2.232" classname="testcases.UAT_BavarianInnLoginUploadReciepts"/>
  <testcase name="verifyUploadWorked" time="10.490" classname="testcases.UAT_BavarianInnLoginUploadReciepts"/>
  <testcase name="verifyUploadQUEUEDStatus" time="0.031" classname="testcases.UAT_BavarianInnLoginUploadReciepts"/>
  <testcase name="viewReciept" time="1.036" classname="testcases.UAT_BavarianInnLoginUploadReciepts"/>
  <testcase name="loginToSite" time="0.019" classname="testcases.UAT_BavarianInnLoginUploadReciepts"/>
  <testcase name="uploadReciept" time="2.419" classname="testcases.UAT_BavarianInnLoginUploadReciepts"/>
  <testcase name="WelcomeMessage" time="0.033" classname="testcases.UAT_BavarianInnLoginUploadReciepts"/>
  <testcase name="enterDetails" time="0.593" classname="testcases.UAT_BavarianInnLoginUploadReciepts"/>
</testsuite> <!-- testcases.UAT_BavarianInnLoginUploadReciepts -->
