<?xml version="1.0" encoding="UTF-8"?>
<!-- Generated by org.testng.reporters.JUnitReportReporter -->
<testsuite name="snipp.test.bav.testcases.UAT_RegisterPageTestCanada" tests="3" time="10.722" ignored="0" failures="0" timestamp="18 Jul 2019 09:50:37 GMT" skipped="0" hostname="DESKTOP-1UNN7PP" errors="0">
  <testcase name="enterForm" time="9.029" classname="snipp.test.bav.testcases.UAT_RegisterPageTestCanada"/>
  <testcase name="enterDetails" time="1.657" classname="snipp.test.bav.testcases.UAT_RegisterPageTestCanada"/>
  <testcase name="loginToSite" time="0.036" classname="snipp.test.bav.testcases.UAT_RegisterPageTestCanada"/>
</testsuite> <!-- snipp.test.bav.testcases.UAT_RegisterPageTestCanada -->
