<?xml version="1.0" encoding="UTF-8"?>
<!-- Generated by org.testng.reporters.JUnitReportReporter -->
<testsuite name="testcases.UAT_BavarianInnLoginUploadReciepts" tests="10" time="20.193" ignored="0" failures="0" timestamp="22 Jul 2019 20:07:21 GMT" skipped="0" hostname="DESKTOP-G1T6KU3" errors="0">
  <testcase name="loginTitleTest" time="3.006" classname="testcases.UAT_BavarianInnLoginUploadReciepts"/>
  <testcase name="logOutOfSite" time="0.459" classname="testcases.UAT_BavarianInnLoginUploadReciepts"/>
  <testcase name="loginToSite" time="0.020" classname="testcases.UAT_BavarianInnLoginUploadReciepts"/>
  <testcase name="uploadReciept" time="2.412" classname="testcases.UAT_BavarianInnLoginUploadReciepts"/>
  <testcase name="WelcomeMessage" time="0.037" classname="testcases.UAT_BavarianInnLoginUploadReciepts"/>
  <testcase name="verifyUploadQUEUEDStatus" time="0.031" classname="testcases.UAT_BavarianInnLoginUploadReciepts"/>
  <testcase name="uploadButtonSelection" time="2.220" classname="testcases.UAT_BavarianInnLoginUploadReciepts"/>
  <testcase name="verifyUploadWorked" time="10.380" classname="testcases.UAT_BavarianInnLoginUploadReciepts"/>
  <testcase name="enterDetails" time="0.587" classname="testcases.UAT_BavarianInnLoginUploadReciepts"/>
  <testcase name="viewReciept" time="1.041" classname="testcases.UAT_BavarianInnLoginUploadReciepts"/>
</testsuite> <!-- testcases.UAT_BavarianInnLoginUploadReciepts -->
