<?xml version="1.0" encoding="UTF-8"?>
<!-- Generated by org.testng.reporters.JUnitReportReporter -->
<testsuite name="testcases.UAT_BavarianInnLoginCheckScreens" tests="8" time="14.543" ignored="0" failures="0" timestamp="22 Jul 2019 19:19:30 GMT" skipped="0" hostname="DESKTOP-G1T6KU3" errors="0">
  <testcase name="WelcomeMessage" time="0.068" classname="testcases.UAT_BavarianInnLoginCheckScreens"/>
  <testcase name="membersLocations" time="2.509" classname="testcases.UAT_BavarianInnLoginCheckScreens"/>
  <testcase name="membersSocial" time="1.723" classname="testcases.UAT_BavarianInnLoginCheckScreens"/>
  <testcase name="loginTitleTest" time="3.099" classname="testcases.UAT_BavarianInnLoginCheckScreens"/>
  <testcase name="membersOffers" time="3.144" classname="testcases.UAT_BavarianInnLoginCheckScreens"/>
  <testcase name="logOutOfSite" time="0.877" classname="testcases.UAT_BavarianInnLoginCheckScreens"/>
  <testcase name="loginToSite" time="0.420" classname="testcases.UAT_BavarianInnLoginCheckScreens"/>
  <testcase name="enterDetails" time="2.703" classname="testcases.UAT_BavarianInnLoginCheckScreens"/>
</testsuite> <!-- testcases.UAT_BavarianInnLoginCheckScreens -->
