<?xml version="1.0" encoding="UTF-8"?>
<!-- Generated by org.testng.reporters.JUnitReportReporter -->
<testsuite name="snipp.test.bav.testcases.UAT_BavarianInnBrokenLinks" tests="7" time="84.561" ignored="0" failures="0" timestamp="18 Jul 2019 09:43:08 GMT" skipped="0" hostname="DESKTOP-1UNN7PP" errors="0">
  <testcase name="membersSocial" time="6.234" classname="snipp.test.bav.testcases.UAT_BavarianInnBrokenLinks"/>
  <testcase name="logOutOfSite" time="4.473" classname="snipp.test.bav.testcases.UAT_BavarianInnBrokenLinks"/>
  <testcase name="WelcomeMessage" time="6.571" classname="snipp.test.bav.testcases.UAT_BavarianInnBrokenLinks"/>
  <testcase name="loginToSite" time="6.638" classname="snipp.test.bav.testcases.UAT_BavarianInnBrokenLinks"/>
  <testcase name="membersLocations" time="22.077" classname="snipp.test.bav.testcases.UAT_BavarianInnBrokenLinks"/>
  <testcase name="membersOffers" time="27.421" classname="snipp.test.bav.testcases.UAT_BavarianInnBrokenLinks"/>
  <testcase name="titleTest" time="11.147" classname="snipp.test.bav.testcases.UAT_BavarianInnBrokenLinks"/>
</testsuite> <!-- snipp.test.bav.testcases.UAT_BavarianInnBrokenLinks -->
