<?xml version="1.0" encoding="UTF-8"?>
<!-- Generated by org.testng.reporters.JUnitReportReporter -->
<testsuite name="testcases.UAT_BavarianInnBrokenLinks" tests="8" time="87.483" ignored="0" failures="0" timestamp="22 Jul 2019 10:28:16 GMT" skipped="0" hostname="DESKTOP-1UNN7PP" errors="0">
  <testcase name="membersOffers" time="26.326" classname="testcases.UAT_BavarianInnBrokenLinks"/>
  <testcase name="membersLocations" time="22.039" classname="testcases.UAT_BavarianInnBrokenLinks"/>
  <testcase name="loginToSite" time="5.538" classname="testcases.UAT_BavarianInnBrokenLinks"/>
  <testcase name="WelcomeMessage" time="8.892" classname="testcases.UAT_BavarianInnBrokenLinks"/>
  <testcase name="titleTest" time="10.433" classname="testcases.UAT_BavarianInnBrokenLinks"/>
  <testcase name="profileDisplayed" time="6.696" classname="testcases.UAT_BavarianInnBrokenLinks"/>
  <testcase name="uploadReciept" time="1.251" classname="testcases.UAT_BavarianInnBrokenLinks"/>
  <testcase name="membersSocial" time="6.308" classname="testcases.UAT_BavarianInnBrokenLinks"/>
</testsuite> <!-- testcases.UAT_BavarianInnBrokenLinks -->
