<?xml version="1.0" encoding="UTF-8"?>
<!-- Generated by org.testng.reporters.JUnitReportReporter -->
<testsuite name="testcases.TEST_UAT_BavarianInnLoginUploadReciepts" tests="3" time="0.625" ignored="0" failures="0" timestamp="23 Jul 2019 11:46:53 GMT" skipped="0" hostname="DESKTOP-G1T6KU3" errors="0">
  <testcase name="enterDetails" time="0.604" classname="testcases.TEST_UAT_BavarianInnLoginUploadReciepts"/>
  <testcase name="loginToSite" time="0.020" classname="testcases.TEST_UAT_BavarianInnLoginUploadReciepts"/>
  <testcase name="WelcomeMessage" time="0.001" classname="testcases.TEST_UAT_BavarianInnLoginUploadReciepts"/>
</testsuite> <!-- testcases.TEST_UAT_BavarianInnLoginUploadReciepts -->
