<?xml version="1.0" encoding="UTF-8"?>
<!-- Generated by org.testng.reporters.JUnitReportReporter -->
<testsuite name="snipp.test.bav.testcases.UAT_RegisterPageTestCanada" tests="3" time="9.510" ignored="0" failures="0" timestamp="18 Jul 2019 10:35:33 GMT" skipped="0" hostname="DESKTOP-1UNN7PP" errors="0">
  <testcase name="loginToSite" time="0.021" classname="snipp.test.bav.testcases.UAT_RegisterPageTestCanada"/>
  <testcase name="enterForm" time="8.526" classname="snipp.test.bav.testcases.UAT_RegisterPageTestCanada"/>
  <testcase name="enterDetails" time="0.963" classname="snipp.test.bav.testcases.UAT_RegisterPageTestCanada"/>
</testsuite> <!-- snipp.test.bav.testcases.UAT_RegisterPageTestCanada -->
