<?xml version="1.0" encoding="UTF-8"?>
<!-- Generated by org.testng.reporters.JUnitReportReporter -->
<testsuite name="snipp.test.bav.testcases.UAT_BavarianInnLoginCheckScreens" tests="8" time="11.941" ignored="0" failures="0" timestamp="17 Jul 2019 15:07:02 GMT" skipped="0" hostname="DESKTOP-G1T6KU3" errors="0">
  <testcase name="loginTitleTest" time="3.021" classname="snipp.test.bav.testcases.UAT_BavarianInnLoginCheckScreens"/>
  <testcase name="membersLocations" time="1.736" classname="snipp.test.bav.testcases.UAT_BavarianInnLoginCheckScreens"/>
  <testcase name="membersSocial" time="1.508" classname="snipp.test.bav.testcases.UAT_BavarianInnLoginCheckScreens"/>
  <testcase name="logOutOfSite" time="0.511" classname="snipp.test.bav.testcases.UAT_BavarianInnLoginCheckScreens"/>
  <testcase name="loginToSite" time="0.027" classname="snipp.test.bav.testcases.UAT_BavarianInnLoginCheckScreens"/>
  <testcase name="WelcomeMessage" time="0.031" classname="snipp.test.bav.testcases.UAT_BavarianInnLoginCheckScreens"/>
  <testcase name="membersOffers" time="2.468" classname="snipp.test.bav.testcases.UAT_BavarianInnLoginCheckScreens"/>
  <testcase name="enterDetails" time="2.639" classname="snipp.test.bav.testcases.UAT_BavarianInnLoginCheckScreens"/>
</testsuite> <!-- snipp.test.bav.testcases.UAT_BavarianInnLoginCheckScreens -->
