<?xml version="1.0" encoding="UTF-8"?>
<!-- Generated by org.testng.reporters.JUnitReportReporter -->
<testsuite name="testcases.UAT_RegisterPageTestCanada" tests="3" time="9.875" ignored="0" failures="0" timestamp="22 Jul 2019 10:43:10 GMT" skipped="0" hostname="DESKTOP-1UNN7PP" errors="0">
  <testcase name="enterForm" time="8.632" classname="testcases.UAT_RegisterPageTestCanada"/>
  <testcase name="loginToSite" time="0.025" classname="testcases.UAT_RegisterPageTestCanada"/>
  <testcase name="enterDetails" time="1.218" classname="testcases.UAT_RegisterPageTestCanada"/>
</testsuite> <!-- testcases.UAT_RegisterPageTestCanada -->
