<?xml version="1.0" encoding="UTF-8"?>
<!-- Generated by org.testng.reporters.JUnitReportReporter -->
<testsuite name="testcases.UAT_BavarianInnBrokenLinks" tests="13" time="30.373" ignored="0" failures="0" timestamp="23 Jul 2019 09:32:26 GMT" skipped="0" hostname="DESKTOP-G1T6KU3" errors="0">
  <testcase name="profileMyTransactions" time="1.988" classname="testcases.UAT_BavarianInnBrokenLinks"/>
  <testcase name="membersSocial" time="2.602" classname="testcases.UAT_BavarianInnBrokenLinks"/>
  <testcase name="logOutOfSite" time="0.496" classname="testcases.UAT_BavarianInnBrokenLinks"/>
  <testcase name="profileDisplayed" time="1.832" classname="testcases.UAT_BavarianInnBrokenLinks"/>
  <testcase name="membersLocations" time="3.089" classname="testcases.UAT_BavarianInnBrokenLinks"/>
  <testcase name="AfterLogoutHome" time="1.094" classname="testcases.UAT_BavarianInnBrokenLinks"/>
  <testcase name="AfterLogoutRegister" time="0.650" classname="testcases.UAT_BavarianInnBrokenLinks"/>
  <testcase name="AfterLogoutFAQ" time="2.012" classname="testcases.UAT_BavarianInnBrokenLinks"/>
  <testcase name="uploadReciept" time="1.700" classname="testcases.UAT_BavarianInnBrokenLinks"/>
  <testcase name="membersOffers" time="4.457" classname="testcases.UAT_BavarianInnBrokenLinks"/>
  <testcase name="WelcomeMessage" time="4.057" classname="testcases.UAT_BavarianInnBrokenLinks"/>
  <testcase name="loginToSite" time="2.891" classname="testcases.UAT_BavarianInnBrokenLinks"/>
  <testcase name="profileCheckBalance" time="3.505" classname="testcases.UAT_BavarianInnBrokenLinks"/>
</testsuite> <!-- testcases.UAT_BavarianInnBrokenLinks -->
