<?xml version="1.0" encoding="UTF-8"?>
<!-- Generated by org.testng.reporters.JUnitReportReporter -->
<testsuite name="snipp.test.bav.testcases.UAT_ExcelDataProviderFull_POM" tests="3" time="8.986" ignored="0" failures="0" timestamp="17 Jul 2019 07:54:59 GMT" skipped="0" hostname="DESKTOP-G1T6KU3" errors="0">
  <testcase name="enterDetails" time="1.478" classname="snipp.test.bav.testcases.UAT_ExcelDataProviderFull_POM"/>
  <testcase name="loginToSite" time="0.082" classname="snipp.test.bav.testcases.UAT_ExcelDataProviderFull_POM"/>
  <testcase name="test1" time="7.426" classname="snipp.test.bav.testcases.UAT_ExcelDataProviderFull_POM"/>
</testsuite> <!-- snipp.test.bav.testcases.UAT_ExcelDataProviderFull_POM -->
