<?xml version="1.0" encoding="UTF-8"?>
<!-- Generated by org.testng.reporters.JUnitReportReporter -->
<testsuite name="snipp.test.bav.testcases.UAT_RegisterPageTestCanada" tests="3" time="10.066" ignored="0" failures="0" timestamp="17 Jul 2019 07:57:52 GMT" skipped="0" hostname="DESKTOP-G1T6KU3" errors="0">
  <testcase name="loginToSite" time="0.315" classname="snipp.test.bav.testcases.UAT_RegisterPageTestCanada"/>
  <testcase name="enterForm" time="8.041" classname="snipp.test.bav.testcases.UAT_RegisterPageTestCanada"/>
  <testcase name="enterDetails" time="1.710" classname="snipp.test.bav.testcases.UAT_RegisterPageTestCanada"/>
</testsuite> <!-- snipp.test.bav.testcases.UAT_RegisterPageTestCanada -->
