<?xml version="1.0" encoding="UTF-8"?>
<!-- Generated by org.testng.reporters.JUnitReportReporter -->
<testsuite name="testcases.UAT_BavarianInnBrokenLinks" tests="9" time="31.889" ignored="0" failures="0" timestamp="23 Jul 2019 07:07:23 GMT" skipped="0" hostname="DESKTOP-G1T6KU3" errors="0">
  <testcase name="membersLocations" time="3.390" classname="testcases.UAT_BavarianInnBrokenLinks"/>
  <testcase name="profileMyTransactions" time="2.740" classname="testcases.UAT_BavarianInnBrokenLinks"/>
  <testcase name="uploadReciept" time="1.713" classname="testcases.UAT_BavarianInnBrokenLinks"/>
  <testcase name="profileDisplayed" time="1.908" classname="testcases.UAT_BavarianInnBrokenLinks"/>
  <testcase name="profileCheckBalance" time="5.716" classname="testcases.UAT_BavarianInnBrokenLinks"/>
  <testcase name="membersSocial" time="4.227" classname="testcases.UAT_BavarianInnBrokenLinks"/>
  <testcase name="WelcomeMessage" time="4.224" classname="testcases.UAT_BavarianInnBrokenLinks"/>
  <testcase name="membersOffers" time="5.177" classname="testcases.UAT_BavarianInnBrokenLinks"/>
  <testcase name="loginToSite" time="2.794" classname="testcases.UAT_BavarianInnBrokenLinks"/>
</testsuite> <!-- testcases.UAT_BavarianInnBrokenLinks -->
