<?xml version="1.0" encoding="UTF-8"?>
<!-- Generated by org.testng.reporters.JUnitReportReporter -->
<testsuite name="testcases.UAT_HomePageTest" tests="8" time="31.845" ignored="0" failures="0" timestamp="22 Jul 2019 10:41:00 GMT" skipped="0" hostname="DESKTOP-1UNN7PP" errors="0">
  <testcase name="checkFacebook" time="8.817" classname="testcases.UAT_HomePageTest"/>
  <testcase name="faq" time="1.543" classname="testcases.UAT_HomePageTest"/>
  <testcase name="checkYoutube" time="5.254" classname="testcases.UAT_HomePageTest"/>
  <testcase name="checkYelp" time="6.774" classname="testcases.UAT_HomePageTest"/>
  <testcase name="howItWorks" time="1.691" classname="testcases.UAT_HomePageTest"/>
  <testcase name="checkTwitter" time="6.295" classname="testcases.UAT_HomePageTest"/>
  <testcase name="loginToSite" time="0.025" classname="testcases.UAT_HomePageTest"/>
  <testcase name="register" time="1.446" classname="testcases.UAT_HomePageTest"/>
</testsuite> <!-- testcases.UAT_HomePageTest -->
