<?xml version="1.0" encoding="UTF-8"?>
<!-- Generated by org.testng.reporters.JUnitReportReporter -->
<testsuite name="snipp.test.bav.testcases.UAT_ExcelDataProviderFull_POM" tests="3" time="10.075" ignored="0" failures="0" timestamp="18 Jul 2019 09:46:07 GMT" skipped="0" hostname="DESKTOP-1UNN7PP" errors="0">
  <testcase name="loginToSite" time="0.038" classname="snipp.test.bav.testcases.UAT_ExcelDataProviderFull_POM"/>
  <testcase name="enterDetails" time="1.264" classname="snipp.test.bav.testcases.UAT_ExcelDataProviderFull_POM"/>
  <testcase name="test1" time="8.773" classname="snipp.test.bav.testcases.UAT_ExcelDataProviderFull_POM"/>
</testsuite> <!-- snipp.test.bav.testcases.UAT_ExcelDataProviderFull_POM -->
