<?xml version="1.0" encoding="UTF-8"?>
<!-- Generated by org.testng.reporters.JUnitReportReporter -->
<testsuite name="testcases.UAT_HomePageTest" tests="12" time="21.683" ignored="0" failures="0" timestamp="23 Jul 2019 20:26:01 GMT" skipped="0" hostname="DESKTOP-G1T6KU3" errors="0">
  <testcase name="checkFacebook" time="5.305" classname="testcases.UAT_HomePageTest"/>
  <testcase name="faq" time="0.715" classname="testcases.UAT_HomePageTest"/>
  <testcase name="checkYoutube" time="2.882" classname="testcases.UAT_HomePageTest"/>
  <testcase name="AfterLogoutRegister" time="0.822" classname="testcases.UAT_HomePageTest"/>
  <testcase name="checkYelp" time="5.518" classname="testcases.UAT_HomePageTest"/>
  <testcase name="AfterLogoutFAQ" time="0.721" classname="testcases.UAT_HomePageTest"/>
  <testcase name="howItWorks" time="0.570" classname="testcases.UAT_HomePageTest"/>
  <testcase name="AfterLogoutHome" time="0.800" classname="testcases.UAT_HomePageTest"/>
  <testcase name="checkTwitter" time="2.898" classname="testcases.UAT_HomePageTest"/>
  <testcase name="loginToSite" time="0.022" classname="testcases.UAT_HomePageTest"/>
  <testcase name="register" time="0.935" classname="testcases.UAT_HomePageTest"/>
  <testcase name="logOutOfSite" time="0.495" classname="testcases.UAT_HomePageTest"/>
</testsuite> <!-- testcases.UAT_HomePageTest -->
