<?xml version="1.0" encoding="UTF-8"?>
<!-- Generated by org.testng.reporters.JUnitReportReporter -->
<testsuite name="testcases.UAT_HomePageTest" tests="12" time="16.670" ignored="0" failures="0" timestamp="23 Jul 2019 07:14:41 GMT" skipped="0" hostname="DESKTOP-G1T6KU3" errors="0">
  <testcase name="checkFacebook" time="3.823" classname="testcases.UAT_HomePageTest"/>
  <testcase name="faq" time="0.543" classname="testcases.UAT_HomePageTest"/>
  <testcase name="checkYoutube" time="2.298" classname="testcases.UAT_HomePageTest"/>
  <testcase name="AfterLogoutRegister" time="0.716" classname="testcases.UAT_HomePageTest"/>
  <testcase name="checkYelp" time="4.021" classname="testcases.UAT_HomePageTest"/>
  <testcase name="AfterLogoutFAQ" time="0.789" classname="testcases.UAT_HomePageTest"/>
  <testcase name="howItWorks" time="0.562" classname="testcases.UAT_HomePageTest"/>
  <testcase name="AfterLogoutHome" time="0.604" classname="testcases.UAT_HomePageTest"/>
  <testcase name="checkTwitter" time="2.154" classname="testcases.UAT_HomePageTest"/>
  <testcase name="loginToSite" time="0.029" classname="testcases.UAT_HomePageTest"/>
  <testcase name="register" time="0.706" classname="testcases.UAT_HomePageTest"/>
  <testcase name="logOutOfSite" time="0.425" classname="testcases.UAT_HomePageTest"/>
</testsuite> <!-- testcases.UAT_HomePageTest -->
