<?xml version="1.0" encoding="UTF-8"?>
<!-- Generated by org.testng.reporters.JUnitReportReporter -->
<testsuite name="snipp.test.bav.testcases.UAT_BavarianInnLoginCheckScreens" tests="8" time="14.370" ignored="0" failures="0" timestamp="17 Jul 2019 07:50:27 GMT" skipped="0" hostname="DESKTOP-G1T6KU3" errors="0">
  <testcase name="logOutOfSite" time="0.988" classname="snipp.test.bav.testcases.UAT_BavarianInnLoginCheckScreens"/>
  <testcase name="WelcomeMessage" time="0.061" classname="snipp.test.bav.testcases.UAT_BavarianInnLoginCheckScreens"/>
  <testcase name="membersSocial" time="2.359" classname="snipp.test.bav.testcases.UAT_BavarianInnLoginCheckScreens"/>
  <testcase name="membersOffers" time="3.066" classname="snipp.test.bav.testcases.UAT_BavarianInnLoginCheckScreens"/>
  <testcase name="loginTitleTest" time="3.077" classname="snipp.test.bav.testcases.UAT_BavarianInnLoginCheckScreens"/>
  <testcase name="enterDetails" time="2.750" classname="snipp.test.bav.testcases.UAT_BavarianInnLoginCheckScreens"/>
  <testcase name="membersLocations" time="1.972" classname="snipp.test.bav.testcases.UAT_BavarianInnLoginCheckScreens"/>
  <testcase name="loginToSite" time="0.097" classname="snipp.test.bav.testcases.UAT_BavarianInnLoginCheckScreens"/>
</testsuite> <!-- snipp.test.bav.testcases.UAT_BavarianInnLoginCheckScreens -->
