<?xml version="1.0" encoding="UTF-8"?>
<!-- Generated by org.testng.reporters.JUnitReportReporter -->
<testsuite name="testcases.UAT_BavarianInnLoginCheckScreens" tests="8" time="12.970" ignored="0" failures="0" timestamp="23 Jul 2019 20:23:50 GMT" skipped="0" hostname="DESKTOP-G1T6KU3" errors="0">
  <testcase name="membersLocations" time="2.099" classname="testcases.UAT_BavarianInnLoginCheckScreens"/>
  <testcase name="membersSocial" time="1.421" classname="testcases.UAT_BavarianInnLoginCheckScreens"/>
  <testcase name="loginTitleTest" time="3.080" classname="testcases.UAT_BavarianInnLoginCheckScreens"/>
  <testcase name="logOutOfSite" time="0.553" classname="testcases.UAT_BavarianInnLoginCheckScreens"/>
  <testcase name="loginToSite" time="0.109" classname="testcases.UAT_BavarianInnLoginCheckScreens"/>
  <testcase name="membersOffers" time="2.650" classname="testcases.UAT_BavarianInnLoginCheckScreens"/>
  <testcase name="WelcomeMessage" time="0.359" classname="testcases.UAT_BavarianInnLoginCheckScreens"/>
  <testcase name="enterDetails" time="2.699" classname="testcases.UAT_BavarianInnLoginCheckScreens"/>
</testsuite> <!-- testcases.UAT_BavarianInnLoginCheckScreens -->
