<?xml version="1.0" encoding="UTF-8"?>
<!-- Generated by org.testng.reporters.JUnitReportReporter -->
<testsuite name="testcases.UAT_HomePageTest" tests="12" time="18.289" ignored="0" failures="0" timestamp="23 Jul 2019 07:28:48 GMT" skipped="0" hostname="DESKTOP-G1T6KU3" errors="0">
  <testcase name="checkFacebook" time="4.277" classname="testcases.UAT_HomePageTest"/>
  <testcase name="faq" time="0.554" classname="testcases.UAT_HomePageTest"/>
  <testcase name="checkYoutube" time="3.115" classname="testcases.UAT_HomePageTest"/>
  <testcase name="AfterLogoutRegister" time="0.703" classname="testcases.UAT_HomePageTest"/>
  <testcase name="checkYelp" time="4.284" classname="testcases.UAT_HomePageTest"/>
  <testcase name="AfterLogoutFAQ" time="0.672" classname="testcases.UAT_HomePageTest"/>
  <testcase name="howItWorks" time="0.450" classname="testcases.UAT_HomePageTest"/>
  <testcase name="AfterLogoutHome" time="0.642" classname="testcases.UAT_HomePageTest"/>
  <testcase name="checkTwitter" time="2.423" classname="testcases.UAT_HomePageTest"/>
  <testcase name="loginToSite" time="0.020" classname="testcases.UAT_HomePageTest"/>
  <testcase name="register" time="0.716" classname="testcases.UAT_HomePageTest"/>
  <testcase name="logOutOfSite" time="0.433" classname="testcases.UAT_HomePageTest"/>
</testsuite> <!-- testcases.UAT_HomePageTest -->
