<?xml version="1.0" encoding="UTF-8"?>
<!-- Generated by org.testng.reporters.JUnitReportReporter -->
<testsuite name="snipp.test.bav.testcases.UAT_HomePageTest" tests="8" time="181.840" ignored="0" failures="0" timestamp="18 Jul 2019 14:07:24 GMT" skipped="0" hostname="DESKTOP-1UNN7PP" errors="0">
  <testcase name="loginToSite" time="0.018" classname="snipp.test.bav.testcases.UAT_HomePageTest"/>
  <testcase name="register" time="13.993" classname="snipp.test.bav.testcases.UAT_HomePageTest"/>
  <testcase name="checkYoutube" time="9.775" classname="snipp.test.bav.testcases.UAT_HomePageTest"/>
  <testcase name="howItWorks" time="11.976" classname="snipp.test.bav.testcases.UAT_HomePageTest"/>
  <testcase name="checkTwitter" time="14.774" classname="snipp.test.bav.testcases.UAT_HomePageTest"/>
  <testcase name="faq" time="23.770" classname="snipp.test.bav.testcases.UAT_HomePageTest"/>
  <testcase name="checkFacebook" time="29.806" classname="snipp.test.bav.testcases.UAT_HomePageTest"/>
  <testcase name="checkYelp" time="77.728" classname="snipp.test.bav.testcases.UAT_HomePageTest"/>
</testsuite> <!-- snipp.test.bav.testcases.UAT_HomePageTest -->
