<?xml version="1.0" encoding="UTF-8"?>
<!-- Generated by org.testng.reporters.JUnitReportReporter -->
<testsuite name="snipp.test.bav.testcases.OLD_UAT_ExcelDataProviderFull" tests="3" time="6.996" ignored="0" failures="0" timestamp="17 Jul 2019 08:43:45 GMT" skipped="0" hostname="DESKTOP-G1T6KU3" errors="0">
  <testcase name="loginToSite" time="0.020" classname="snipp.test.bav.testcases.OLD_UAT_ExcelDataProviderFull"/>
  <testcase name="test1" time="5.758" classname="snipp.test.bav.testcases.OLD_UAT_ExcelDataProviderFull"/>
  <testcase name="enterDetails" time="1.218" classname="snipp.test.bav.testcases.OLD_UAT_ExcelDataProviderFull"/>
</testsuite> <!-- snipp.test.bav.testcases.OLD_UAT_ExcelDataProviderFull -->
