<?xml version="1.0" encoding="UTF-8"?>
<!-- Generated by org.testng.reporters.JUnitReportReporter -->
<testsuite name="snipp.test.bav.testcases.UAT_HomePageTest" tests="8" time="134.290" ignored="0" failures="0" timestamp="18 Jul 2019 16:30:20 GMT" skipped="0" hostname="DESKTOP-1UNN7PP" errors="0">
  <testcase name="checkYoutube" time="9.293" classname="snipp.test.bav.testcases.UAT_HomePageTest"/>
  <testcase name="howItWorks" time="4.175" classname="snipp.test.bav.testcases.UAT_HomePageTest"/>
  <testcase name="checkTwitter" time="41.188" classname="snipp.test.bav.testcases.UAT_HomePageTest"/>
  <testcase name="checkYelp" time="48.492" classname="snipp.test.bav.testcases.UAT_HomePageTest"/>
  <testcase name="loginToSite" time="0.012" classname="snipp.test.bav.testcases.UAT_HomePageTest"/>
  <testcase name="register" time="9.071" classname="snipp.test.bav.testcases.UAT_HomePageTest"/>
  <testcase name="checkFacebook" time="17.052" classname="snipp.test.bav.testcases.UAT_HomePageTest"/>
  <testcase name="faq" time="5.007" classname="snipp.test.bav.testcases.UAT_HomePageTest"/>
</testsuite> <!-- snipp.test.bav.testcases.UAT_HomePageTest -->
