<?xml version="1.0" encoding="UTF-8"?>
<!-- Generated by org.testng.reporters.JUnitReportReporter -->
<testsuite name="snipp.test.bav.testcases.UAT_HomePageTest" tests="8" time="138.729" ignored="0" failures="0" timestamp="18 Jul 2019 14:51:24 GMT" skipped="0" hostname="DESKTOP-1UNN7PP" errors="0">
  <testcase name="loginToSite" time="0.026" classname="snipp.test.bav.testcases.UAT_HomePageTest"/>
  <testcase name="howItWorks" time="3.797" classname="snipp.test.bav.testcases.UAT_HomePageTest"/>
  <testcase name="checkFacebook" time="21.268" classname="snipp.test.bav.testcases.UAT_HomePageTest"/>
  <testcase name="register" time="6.378" classname="snipp.test.bav.testcases.UAT_HomePageTest"/>
  <testcase name="checkYoutube" time="19.511" classname="snipp.test.bav.testcases.UAT_HomePageTest"/>
  <testcase name="checkTwitter" time="11.675" classname="snipp.test.bav.testcases.UAT_HomePageTest"/>
  <testcase name="checkYelp" time="68.322" classname="snipp.test.bav.testcases.UAT_HomePageTest"/>
  <testcase name="faq" time="7.752" classname="snipp.test.bav.testcases.UAT_HomePageTest"/>
</testsuite> <!-- snipp.test.bav.testcases.UAT_HomePageTest -->
