<?xml version="1.0" encoding="UTF-8"?>
<!-- Generated by org.testng.reporters.JUnitReportReporter -->
<testsuite name="testcases.UAT_ExcelDataProviderFull_POM" tests="3" time="8.509" ignored="0" failures="0" timestamp="23 Jul 2019 20:24:58 GMT" skipped="0" hostname="DESKTOP-G1T6KU3" errors="0">
  <testcase name="loginToSite" time="0.023" classname="testcases.UAT_ExcelDataProviderFull_POM"/>
  <testcase name="enterDetails" time="0.746" classname="testcases.UAT_ExcelDataProviderFull_POM"/>
  <testcase name="test1" time="7.740" classname="testcases.UAT_ExcelDataProviderFull_POM"/>
</testsuite> <!-- testcases.UAT_ExcelDataProviderFull_POM -->
