<?xml version="1.0" encoding="UTF-8"?>
<!-- Generated by org.testng.reporters.JUnitReportReporter -->
<testsuite name="demo.TestNG_Demo4" tests="1" time="0.002" ignored="0" failures="0" timestamp="17 Jul 2019 14:28:17 GMT" skipped="1" hostname="DESKTOP-G1T6KU3" errors="0">
  <testcase name="googleSearch" time="0.002" classname="demo.TestNG_Demo4">
    <skipped/>
  </testcase> <!-- googleSearch -->
</testsuite> <!-- demo.TestNG_Demo4 -->
